19:33:45  [main] 	Initializing Control Panel
19:33:45  [main] 	Windows Version:  Enterprise  64-bit
19:33:45  [main] 	XAMPP Version: 5.6.15
19:33:45  [main] 	Control Panel Version: 3.2.2  [ Compiled: Nov 12th 2015 ]
19:33:45  [main] 	You are not running with administrator rights! This will work for
19:33:45  [main] 	most application stuff but whenever you do something with services
19:33:45  [main] 	there will be a security dialogue or things will break! So think 
19:33:45  [main] 	about running this application with administrator rights!
19:33:45  [main] 	XAMPP Installation Directory: "d:\ivan\school\it\server\"
19:33:45  [main] 	Checking for prerequisites
19:33:47  [main] 	All prerequisites found
19:33:47  [main] 	Initializing Modules
19:33:47  [Apache] 	Problem detected!
19:33:47  [Apache] 	Port 80 in use by "C:\Program Files (x86)\Skype\Phone\Skype.exe" with PID 3816!
19:33:47  [Apache] 	Apache WILL NOT start without the configured ports free!
19:33:47  [Apache] 	You need to uninstall/disable/reconfigure the blocking application
19:33:47  [Apache] 	or reconfigure Apache and the Control Panel to listen on a different port
19:33:47  [Apache] 	Problem detected!
19:33:47  [Apache] 	Port 443 in use by "C:\Program Files (x86)\Skype\Phone\Skype.exe" with PID 3816!
19:33:47  [Apache] 	Apache WILL NOT start without the configured ports free!
19:33:47  [Apache] 	You need to uninstall/disable/reconfigure the blocking application
19:33:47  [Apache] 	or reconfigure Apache and the Control Panel to listen on a different port
19:33:47  [main] 	Starting Check-Timer
19:33:47  [main] 	Control Panel Ready
19:34:37  [main] 	Deinitializing Modules
19:34:37  [main] 	Deinitializing Control Panel

19:11:49  [main] 	Initializing Control Panel
19:11:49  [main] 	Windows Version:  Enterprise  64-bit
19:11:49  [main] 	XAMPP Version: 5.6.15
19:11:49  [main] 	Control Panel Version: 3.2.2  [ Compiled: Nov 12th 2015 ]
19:11:49  [main] 	You are not running with administrator rights! This will work for
19:11:49  [main] 	most application stuff but whenever you do something with services
19:11:49  [main] 	there will be a security dialogue or things will break! So think 
19:11:49  [main] 	about running this application with administrator rights!
19:11:49  [main] 	XAMPP Installation Directory: "d:\ivan\school\it\server\"
19:11:49  [main] 	Checking for prerequisites
19:11:49  [main] 	All prerequisites found
19:11:49  [main] 	Initializing Modules
19:11:49  [main] 	Starting Check-Timer
19:11:49  [main] 	Control Panel Ready
19:11:54  [Apache] 	Attempting to start Apache app...
19:11:55  [Apache] 	Status change detected: running
19:11:56  [mysql] 	Attempting to start MySQL app...
19:11:56  [mysql] 	Status change detected: running
23:27:02  [main] 	Deinitializing Modules
23:27:02  [main] 	Deinitializing Control Panel

15:37:09  [main] 	Initializing Control Panel
15:37:09  [main] 	Windows Version:  Enterprise  64-bit
15:37:09  [main] 	XAMPP Version: 5.6.15
15:37:09  [main] 	Control Panel Version: 3.2.2  [ Compiled: Nov 12th 2015 ]
15:37:09  [main] 	You are not running with administrator rights! This will work for
15:37:09  [main] 	most application stuff but whenever you do something with services
15:37:09  [main] 	there will be a security dialogue or things will break! So think 
15:37:09  [main] 	about running this application with administrator rights!
15:37:09  [main] 	XAMPP Installation Directory: "d:\ivan\school\it\server\"
15:37:09  [main] 	Checking for prerequisites
15:37:09  [main] 	All prerequisites found
15:37:09  [main] 	Initializing Modules
15:37:09  [main] 	Starting Check-Timer
15:37:09  [main] 	Control Panel Ready
15:37:24  [Apache] 	Attempting to start Apache app...
15:37:24  [Apache] 	Status change detected: running
15:37:25  [mysql] 	Attempting to start MySQL app...
15:37:26  [mysql] 	Status change detected: running
15:51:54  [Apache] 	Attempting to stop Apache (PID: 9080)
15:51:54  [Apache] 	Attempting to stop Apache (PID: 5496)
15:51:54  [Apache] 	Status change detected: stopped
15:51:54  [mysql] 	Attempting to stop MySQL app...
15:51:56  [mysql] 	Attempting to stop MySQL app...
15:51:58  [mysql] 	Status change detected: stopped
16:22:44  [Apache] 	Status change detected: running
16:22:45  [mysql] 	Status change detected: running
20:03:26  [main] 	Deinitializing Modules
20:03:26  [main] 	Deinitializing Control Panel

16:22:42  [main] 	Initializing Control Panel
16:22:42  [main] 	Windows Version:  Enterprise  64-bit
16:22:42  [main] 	XAMPP Version: 5.6.15
16:22:42  [main] 	Control Panel Version: 3.2.2  [ Compiled: Nov 12th 2015 ]
16:22:42  [main] 	You are not running with administrator rights! This will work for
16:22:42  [main] 	most application stuff but whenever you do something with services
16:22:42  [main] 	there will be a security dialogue or things will break! So think 
16:22:42  [main] 	about running this application with administrator rights!
16:22:42  [main] 	XAMPP Installation Directory: "d:\ivan\school\it\server\"
16:22:42  [main] 	Checking for prerequisites
16:22:42  [main] 	All prerequisites found
16:22:42  [main] 	Initializing Modules
16:22:42  [main] 	Starting Check-Timer
16:22:42  [main] 	Control Panel Ready
16:22:44  [Apache] 	Attempting to start Apache app...
16:22:44  [mysql] 	Attempting to start MySQL app...
16:22:44  [Apache] 	Status change detected: running
16:22:44  [mysql] 	Status change detected: running
20:03:27  [main] 	Deinitializing Modules
20:03:27  [main] 	Deinitializing Control Panel

21:25:30  [main] 	Initializing Control Panel
21:25:30  [main] 	Windows Version:  Enterprise  64-bit
21:25:30  [main] 	XAMPP Version: 5.6.15
21:25:30  [main] 	Control Panel Version: 3.2.2  [ Compiled: Nov 12th 2015 ]
21:25:30  [main] 	You are not running with administrator rights! This will work for
21:25:30  [main] 	most application stuff but whenever you do something with services
21:25:30  [main] 	there will be a security dialogue or things will break! So think 
21:25:30  [main] 	about running this application with administrator rights!
21:25:30  [main] 	XAMPP Installation Directory: "d:\ivan\school\it\server\"
21:25:30  [main] 	Checking for prerequisites
21:25:30  [main] 	All prerequisites found
21:25:30  [main] 	Initializing Modules
21:25:30  [Apache] 	XAMPP Apache is already running on port 80
21:25:30  [Apache] 	XAMPP Apache is already running on port 443
21:25:30  [mysql] 	XAMPP MySQL is already running on port 3306
21:25:30  [main] 	Starting Check-Timer
21:25:30  [main] 	Control Panel Ready
23:33:58  [main] 	Deinitializing Modules
23:33:58  [main] 	Deinitializing Control Panel

0:08:06  [main] 	Initializing Control Panel
0:08:06  [main] 	Windows Version:  Enterprise  64-bit
0:08:06  [main] 	XAMPP Version: 5.6.15
0:08:06  [main] 	Control Panel Version: 3.2.2  [ Compiled: Nov 12th 2015 ]
0:08:06  [main] 	You are not running with administrator rights! This will work for
0:08:06  [main] 	most application stuff but whenever you do something with services
0:08:06  [main] 	there will be a security dialogue or things will break! So think 
0:08:06  [main] 	about running this application with administrator rights!
0:08:06  [main] 	XAMPP Installation Directory: "d:\ivan\school\it\server\"
0:08:06  [main] 	Checking for prerequisites
0:08:06  [main] 	All prerequisites found
0:08:06  [main] 	Initializing Modules
0:08:06  [main] 	Starting Check-Timer
0:08:06  [main] 	Control Panel Ready
0:08:20  [Apache] 	Attempting to start Apache app...
0:08:20  [Apache] 	Status change detected: running
0:08:20  [filezilla] 	Attempting to start FileZilla app...
0:08:20  [filezilla] 	Status change detected: running
0:08:21  [mysql] 	Attempting to start MySQL app...
0:08:21  [mysql] 	Status change detected: running
0:08:21  [filezilla] 	Attempting to stop FileZilla app...
0:08:22  [filezilla] 	Status change detected: stopped
0:10:34  [main] 	Deinitializing Modules
0:10:34  [main] 	Deinitializing Control Panel

