2015-11-10 15:26:56 10fc InnoDB: Warning: Using innodb_additional_mem_pool_size is DEPRECATED. This option may be removed in future releases, together with the option innodb_use_sys_malloc and with the InnoDB's internal memory allocator.
2015-11-10 15:26:56 4348 [Note] InnoDB: Using mutexes to ref count buffer pool pages
2015-11-10 15:26:56 4348 [Note] InnoDB: The InnoDB memory heap is disabled
2015-11-10 15:26:56 4348 [Note] InnoDB: Mutexes and rw_locks use Windows interlocked functions
2015-11-10 15:26:56 4348 [Note] InnoDB: Memory barrier is not used
2015-11-10 15:26:56 4348 [Note] InnoDB: Compressed tables use zlib 1.2.3
2015-11-10 15:26:56 4348 [Note] InnoDB: Not using CPU crc32 instructions
2015-11-10 15:26:56 4348 [Note] InnoDB: Initializing buffer pool, size = 16.0M
2015-11-10 15:26:56 4348 [Note] InnoDB: Completed initialization of buffer pool
2015-11-10 15:26:56 4348 [Note] InnoDB: Highest supported file format is Barracuda.
2015-11-10 15:26:57 4348 [Note] InnoDB: 128 rollback segment(s) are active.
2015-11-10 15:26:57 4348 [Note] InnoDB: Waiting for purge to start
2015-11-10 15:26:57 4348 [Note] InnoDB:  Percona XtraDB (http://www.percona.com) 5.6.26-74.0 started; log sequence number 1835027
2015-11-10 15:26:57 6140 [Note] InnoDB: Dumping buffer pool(s) not yet started
2015-11-10 15:26:57 4348 [Note] Plugin 'FEEDBACK' is disabled.
2015-11-10 15:26:57 4348 [Note] Server socket created on IP: '::'.
2015-11-10 15:26:57 4348 [Note] Event Scheduler: Loaded 0 events
2015-11-10 15:26:57 4348 [Note] C:\xampp\mysql\bin\mysqld.exe: ready for connections.
Version: '10.1.8-MariaDB'  socket: ''  port: 3306  mariadb.org binary distribution
2015-11-10 15:27:11 5152 [Note] C:\xampp\mysql\bin\mysqld.exe: Normal shutdown

2015-11-10 15:27:11 5152 [Note] Event Scheduler: Purging the queue. 0 events
2015-11-10 15:27:11 5732 [Note] InnoDB: FTS optimize thread exiting.
2015-11-10 15:27:11 5152 [Note] InnoDB: Starting shutdown...
2015-11-10 15:27:13 5152 [Note] InnoDB: Shutdown completed; log sequence number 1835037
2015-11-10 15:27:13 5152 [Note] C:\xampp\mysql\bin\mysqld.exe: Shutdown complete

2016-04-13 19:11:57 29cc InnoDB: Warning: Using innodb_additional_mem_pool_size is DEPRECATED. This option may be removed in future releases, together with the option innodb_use_sys_malloc and with the InnoDB's internal memory allocator.
2016-04-13 19:11:57 10700 [Note] InnoDB: Using mutexes to ref count buffer pool pages
2016-04-13 19:11:57 10700 [Note] InnoDB: The InnoDB memory heap is disabled
2016-04-13 19:11:57 10700 [Note] InnoDB: Mutexes and rw_locks use Windows interlocked functions
2016-04-13 19:11:57 10700 [Note] InnoDB: Memory barrier is not used
2016-04-13 19:11:57 10700 [Note] InnoDB: Compressed tables use zlib 1.2.3
2016-04-13 19:11:57 10700 [Note] InnoDB: Not using CPU crc32 instructions
2016-04-13 19:11:57 10700 [Note] InnoDB: Initializing buffer pool, size = 16.0M
2016-04-13 19:11:57 10700 [Note] InnoDB: Completed initialization of buffer pool
2016-04-13 19:11:57 10700 [Note] InnoDB: Highest supported file format is Barracuda.
2016-04-13 19:11:58 10700 [Note] InnoDB: 128 rollback segment(s) are active.
2016-04-13 19:11:58 10700 [Note] InnoDB: Waiting for purge to start
2016-04-13 19:11:58 10700 [Note] InnoDB:  Percona XtraDB (http://www.percona.com) 5.6.26-74.0 started; log sequence number 1835037
2016-04-13 19:11:59 2808 [Note] InnoDB: Dumping buffer pool(s) not yet started
2016-04-13 19:11:59 10700 [Note] Plugin 'FEEDBACK' is disabled.
2016-04-13 19:11:59 10700 [Note] Server socket created on IP: '::'.
2016-04-13 19:11:59 10700 [Note] d:\ivan\school\it\server\mysql\bin\mysqld.exe: ready for connections.
Version: '10.1.9-MariaDB'  socket: ''  port: 3306  mariadb.org binary distribution
2016-04-15 15:37:26 229c InnoDB: Warning: Using innodb_additional_mem_pool_size is DEPRECATED. This option may be removed in future releases, together with the option innodb_use_sys_malloc and with the InnoDB's internal memory allocator.
2016-04-15 15:37:26 8860 [Note] InnoDB: Using mutexes to ref count buffer pool pages
2016-04-15 15:37:26 8860 [Note] InnoDB: The InnoDB memory heap is disabled
2016-04-15 15:37:26 8860 [Note] InnoDB: Mutexes and rw_locks use Windows interlocked functions
2016-04-15 15:37:26 8860 [Note] InnoDB: Memory barrier is not used
2016-04-15 15:37:26 8860 [Note] InnoDB: Compressed tables use zlib 1.2.3
2016-04-15 15:37:26 8860 [Note] InnoDB: Not using CPU crc32 instructions
2016-04-15 15:37:26 8860 [Note] InnoDB: Initializing buffer pool, size = 16.0M
2016-04-15 15:37:26 8860 [Note] InnoDB: Completed initialization of buffer pool
2016-04-15 15:37:27 8860 [Note] InnoDB: Highest supported file format is Barracuda.
2016-04-15 15:37:27 8860 [Note] InnoDB: The log sequence numbers 1835037 and 1835037 in ibdata files do not match the log sequence number 1835199 in the ib_logfiles!
2016-04-15 15:37:27 8860 [Note] InnoDB: Database was not shutdown normally!
2016-04-15 15:37:27 8860 [Note] InnoDB: Starting crash recovery.
2016-04-15 15:37:27 8860 [Note] InnoDB: Reading tablespace information from the .ibd files...
2016-04-15 15:37:27 8860 [Note] InnoDB: Restoring possible half-written data pages 
2016-04-15 15:37:27 8860 [Note] InnoDB: from the doublewrite buffer...
2016-04-15 15:37:28 8860 [Note] InnoDB: 128 rollback segment(s) are active.
2016-04-15 15:37:28 8860 [Note] InnoDB: Waiting for purge to start
2016-04-15 15:37:28 8860 [Note] InnoDB:  Percona XtraDB (http://www.percona.com) 5.6.26-74.0 started; log sequence number 1835199
2016-04-15 15:37:28 6928 [Note] InnoDB: Dumping buffer pool(s) not yet started
2016-04-15 15:37:28 8860 [Note] Plugin 'FEEDBACK' is disabled.
2016-04-15 15:37:28 8860 [Note] Server socket created on IP: '::'.
2016-04-15 15:37:28 8860 [ERROR] mysqld.exe: Table '.\mysql\db' is marked as crashed and should be repaired
2016-04-15 15:37:28 8860 [Warning] Checking table:   '.\mysql\db'
2016-04-15 15:37:28 8860 [ERROR] mysql.db: 1 client is using or hasn't closed the table properly
2016-04-15 15:37:28 8860 [ERROR] mysqld.exe: Table '.\mysql\tables_priv' is marked as crashed and should be repaired
2016-04-15 15:37:28 8860 [Warning] Checking table:   '.\mysql\tables_priv'
2016-04-15 15:37:28 8860 [ERROR] mysql.tables_priv: 1 client is using or hasn't closed the table properly
2016-04-15 15:37:28 8860 [ERROR] mysqld.exe: Table '.\mysql\columns_priv' is marked as crashed and should be repaired
2016-04-15 15:37:28 8860 [Warning] Checking table:   '.\mysql\columns_priv'
2016-04-15 15:37:28 8860 [ERROR] mysql.columns_priv: 1 client is using or hasn't closed the table properly
2016-04-15 15:37:28 8860 [ERROR] mysqld.exe: Table '.\mysql\procs_priv' is marked as crashed and should be repaired
2016-04-15 15:37:28 8860 [Warning] Checking table:   '.\mysql\procs_priv'
2016-04-15 15:37:28 8860 [ERROR] mysql.procs_priv: 1 client is using or hasn't closed the table properly
2016-04-15 15:37:28 8860 [Note] d:\ivan\school\it\server\mysql\bin\mysqld.exe: ready for connections.
Version: '10.1.9-MariaDB'  socket: ''  port: 3306  mariadb.org binary distribution
2016-04-15 15:51:54 6228 [Note] d:\ivan\school\it\server\mysql\bin\mysqld.exe: Normal shutdown

2016-04-15 15:51:54 6228 [Note] Event Scheduler: Purging the queue. 0 events
2016-04-15 15:51:54 3980 [Note] InnoDB: FTS optimize thread exiting.
2016-04-15 15:51:54 6228 [Note] InnoDB: Starting shutdown...
2016-04-15 15:51:56 6228 [Note] InnoDB: Shutdown completed; log sequence number 1839596
2016-04-15 15:51:56 6228 [Note] d:\ivan\school\it\server\mysql\bin\mysqld.exe: Shutdown complete

2016-04-15 16:22:44 1de4 InnoDB: Warning: Using innodb_additional_mem_pool_size is DEPRECATED. This option may be removed in future releases, together with the option innodb_use_sys_malloc and with the InnoDB's internal memory allocator.
2016-04-15 16:22:44 7652 [Note] InnoDB: Using mutexes to ref count buffer pool pages
2016-04-15 16:22:44 7652 [Note] InnoDB: The InnoDB memory heap is disabled
2016-04-15 16:22:44 7652 [Note] InnoDB: Mutexes and rw_locks use Windows interlocked functions
2016-04-15 16:22:44 7652 [Note] InnoDB: Memory barrier is not used
2016-04-15 16:22:44 7652 [Note] InnoDB: Compressed tables use zlib 1.2.3
2016-04-15 16:22:44 7652 [Note] InnoDB: Not using CPU crc32 instructions
2016-04-15 16:22:44 7652 [Note] InnoDB: Initializing buffer pool, size = 16.0M
2016-04-15 16:22:44 7652 [Note] InnoDB: Completed initialization of buffer pool
2016-04-15 16:22:44 7652 [Note] InnoDB: Highest supported file format is Barracuda.
2016-04-15 16:22:45 7652 [Note] InnoDB: 128 rollback segment(s) are active.
2016-04-15 16:22:45 7652 [Note] InnoDB: Waiting for purge to start
2016-04-15 16:22:45 7652 [Note] InnoDB:  Percona XtraDB (http://www.percona.com) 5.6.26-74.0 started; log sequence number 1839596
2016-04-15 16:22:45 7892 [Note] InnoDB: Dumping buffer pool(s) not yet started
2016-04-15 16:22:45 7652 [Note] Plugin 'FEEDBACK' is disabled.
2016-04-15 16:22:45 7652 [Note] Server socket created on IP: '::'.
2016-04-15 16:22:45 7652 [Note] d:\ivan\school\it\server\mysql\bin\mysqld.exe: ready for connections.
Version: '10.1.9-MariaDB'  socket: ''  port: 3306  mariadb.org binary distribution
2016-04-17 00:08:21 2d20 InnoDB: Warning: Using innodb_additional_mem_pool_size is DEPRECATED. This option may be removed in future releases, together with the option innodb_use_sys_malloc and with the InnoDB's internal memory allocator.
2016-04-17  0:08:22 11552 [Note] InnoDB: Using mutexes to ref count buffer pool pages
2016-04-17  0:08:22 11552 [Note] InnoDB: The InnoDB memory heap is disabled
2016-04-17  0:08:22 11552 [Note] InnoDB: Mutexes and rw_locks use Windows interlocked functions
2016-04-17  0:08:22 11552 [Note] InnoDB: Memory barrier is not used
2016-04-17  0:08:22 11552 [Note] InnoDB: Compressed tables use zlib 1.2.3
2016-04-17  0:08:22 11552 [Note] InnoDB: Not using CPU crc32 instructions
2016-04-17  0:08:22 11552 [Note] InnoDB: Initializing buffer pool, size = 16.0M
2016-04-17  0:08:22 11552 [Note] InnoDB: Completed initialization of buffer pool
2016-04-17  0:08:22 11552 [Note] InnoDB: Highest supported file format is Barracuda.
2016-04-17  0:08:22 11552 [Note] InnoDB: The log sequence numbers 1839596 and 1839596 in ibdata files do not match the log sequence number 1881256 in the ib_logfiles!
2016-04-17  0:08:22 11552 [Note] InnoDB: Database was not shutdown normally!
2016-04-17  0:08:22 11552 [Note] InnoDB: Starting crash recovery.
2016-04-17  0:08:22 11552 [Note] InnoDB: Reading tablespace information from the .ibd files...
2016-04-17  0:08:22 11552 [Note] InnoDB: Restoring possible half-written data pages 
2016-04-17  0:08:22 11552 [Note] InnoDB: from the doublewrite buffer...
2016-04-17  0:08:23 11552 [Note] InnoDB: 128 rollback segment(s) are active.
2016-04-17  0:08:23 11552 [Note] InnoDB: Waiting for purge to start
2016-04-17  0:08:23 11552 [Note] InnoDB:  Percona XtraDB (http://www.percona.com) 5.6.26-74.0 started; log sequence number 1881256
2016-04-17  0:08:23 4420 [Note] InnoDB: Dumping buffer pool(s) not yet started
2016-04-17  0:08:23 11552 [Note] Plugin 'FEEDBACK' is disabled.
2016-04-17  0:08:23 11552 [Note] Server socket created on IP: '::'.
2016-04-17  0:08:23 11552 [ERROR] mysqld.exe: Table '.\mysql\db' is marked as crashed and should be repaired
2016-04-17  0:08:23 11552 [Warning] Checking table:   '.\mysql\db'
2016-04-17  0:08:23 11552 [ERROR] mysql.db: 1 client is using or hasn't closed the table properly
2016-04-17  0:08:23 11552 [ERROR] mysqld.exe: Table '.\mysql\tables_priv' is marked as crashed and should be repaired
2016-04-17  0:08:23 11552 [Warning] Checking table:   '.\mysql\tables_priv'
2016-04-17  0:08:23 11552 [ERROR] mysql.tables_priv: 1 client is using or hasn't closed the table properly
2016-04-17  0:08:23 11552 [ERROR] mysqld.exe: Table '.\mysql\columns_priv' is marked as crashed and should be repaired
2016-04-17  0:08:23 11552 [Warning] Checking table:   '.\mysql\columns_priv'
2016-04-17  0:08:23 11552 [ERROR] mysql.columns_priv: 1 client is using or hasn't closed the table properly
2016-04-17  0:08:23 11552 [ERROR] mysqld.exe: Table '.\mysql\procs_priv' is marked as crashed and should be repaired
2016-04-17  0:08:23 11552 [Warning] Checking table:   '.\mysql\procs_priv'
2016-04-17  0:08:23 11552 [ERROR] mysql.procs_priv: 1 client is using or hasn't closed the table properly
2016-04-17  0:08:24 11552 [Note] d:\ivan\school\it\server\mysql\bin\mysqld.exe: ready for connections.
Version: '10.1.9-MariaDB'  socket: ''  port: 3306  mariadb.org binary distribution
2016-04-17 20:34:57 19ac InnoDB: Warning: Using innodb_additional_mem_pool_size is DEPRECATED. This option may be removed in future releases, together with the option innodb_use_sys_malloc and with the InnoDB's internal memory allocator.
2016-04-17 20:34:57 6572 [Note] InnoDB: Using mutexes to ref count buffer pool pages
2016-04-17 20:34:57 6572 [Note] InnoDB: The InnoDB memory heap is disabled
2016-04-17 20:34:57 6572 [Note] InnoDB: Mutexes and rw_locks use Windows interlocked functions
2016-04-17 20:34:57 6572 [Note] InnoDB: Memory barrier is not used
2016-04-17 20:34:57 6572 [Note] InnoDB: Compressed tables use zlib 1.2.3
2016-04-17 20:34:57 6572 [Note] InnoDB: Not using CPU crc32 instructions
2016-04-17 20:34:57 6572 [Note] InnoDB: Initializing buffer pool, size = 16.0M
2016-04-17 20:34:57 6572 [Note] InnoDB: Completed initialization of buffer pool
2016-04-17 20:34:57 6572 [Note] InnoDB: Highest supported file format is Barracuda.
2016-04-17 20:34:57 6572 [Note] InnoDB: The log sequence numbers 1839596 and 1839596 in ibdata files do not match the log sequence number 1881266 in the ib_logfiles!
2016-04-17 20:34:57 6572 [Note] InnoDB: Database was not shutdown normally!
2016-04-17 20:34:57 6572 [Note] InnoDB: Starting crash recovery.
2016-04-17 20:34:57 6572 [Note] InnoDB: Reading tablespace information from the .ibd files...
2016-04-17 20:34:58 6572 [Note] InnoDB: Restoring possible half-written data pages 
2016-04-17 20:34:58 6572 [Note] InnoDB: from the doublewrite buffer...
2016-04-17 20:34:58 6572 [Note] InnoDB: 128 rollback segment(s) are active.
2016-04-17 20:34:58 6572 [Note] InnoDB: Waiting for purge to start
2016-04-17 20:34:58 6572 [Note] InnoDB:  Percona XtraDB (http://www.percona.com) 5.6.26-74.0 started; log sequence number 1881266
2016-04-17 20:34:58 12000 [Note] InnoDB: Dumping buffer pool(s) not yet started
2016-04-17 20:34:59 6572 [Note] Plugin 'FEEDBACK' is disabled.
2016-04-17 20:34:59 6572 [Note] Server socket created on IP: '::'.
2016-04-17 20:34:59 6572 [Note] d:\ivan\school\it\server\mysql\bin\mysqld.exe: ready for connections.
Version: '10.1.9-MariaDB'  socket: ''  port: 3306  mariadb.org binary distribution
2016-04-17 20:39:34 5940 [Note] d:\ivan\school\it\server\mysql\bin\mysqld.exe: Normal shutdown

2016-04-17 20:39:34 5940 [Note] Event Scheduler: Purging the queue. 0 events
2016-04-17 20:39:34 7368 [Note] InnoDB: FTS optimize thread exiting.
2016-04-17 20:39:34 5940 [Note] InnoDB: Starting shutdown...
2016-04-17 20:39:36 5940 [Note] InnoDB: Shutdown completed; log sequence number 1886035
2016-04-17 20:39:36 5940 [Note] d:\ivan\school\it\server\mysql\bin\mysqld.exe: Shutdown complete

2016-04-17 20:39:37 23ac InnoDB: Warning: Using innodb_additional_mem_pool_size is DEPRECATED. This option may be removed in future releases, together with the option innodb_use_sys_malloc and with the InnoDB's internal memory allocator.
2016-04-17 20:39:37 9132 [Note] InnoDB: Using mutexes to ref count buffer pool pages
2016-04-17 20:39:37 9132 [Note] InnoDB: The InnoDB memory heap is disabled
2016-04-17 20:39:37 9132 [Note] InnoDB: Mutexes and rw_locks use Windows interlocked functions
2016-04-17 20:39:37 9132 [Note] InnoDB: Memory barrier is not used
2016-04-17 20:39:37 9132 [Note] InnoDB: Compressed tables use zlib 1.2.3
2016-04-17 20:39:37 9132 [Note] InnoDB: Not using CPU crc32 instructions
2016-04-17 20:39:37 9132 [Note] InnoDB: Initializing buffer pool, size = 16.0M
2016-04-17 20:39:37 9132 [Note] InnoDB: Completed initialization of buffer pool
2016-04-17 20:39:37 9132 [Note] InnoDB: Highest supported file format is Barracuda.
2016-04-17 20:39:38 9132 [Note] InnoDB: 128 rollback segment(s) are active.
2016-04-17 20:39:38 9132 [Note] InnoDB: Waiting for purge to start
2016-04-17 20:39:38 9132 [Note] InnoDB:  Percona XtraDB (http://www.percona.com) 5.6.26-74.0 started; log sequence number 1886035
2016-04-17 20:39:38 4968 [Note] InnoDB: Dumping buffer pool(s) not yet started
2016-04-17 20:39:38 9132 [Note] Plugin 'FEEDBACK' is disabled.
2016-04-17 20:39:38 9132 [Note] Server socket created on IP: '::'.
2016-04-17 20:39:38 9132 [Note] d:\ivan\school\it\server\mysql\bin\mysqld.exe: ready for connections.
Version: '10.1.9-MariaDB'  socket: ''  port: 3306  mariadb.org binary distribution
2016-04-17 20:45:24 7492 [Note] d:\ivan\school\it\server\mysql\bin\mysqld.exe: Normal shutdown

2016-04-17 20:45:24 7492 [Note] Event Scheduler: Purging the queue. 0 events
2016-04-17 20:45:24 10504 [Note] InnoDB: FTS optimize thread exiting.
2016-04-17 20:45:24 7492 [Note] InnoDB: Starting shutdown...
2016-04-17 20:45:25 7492 [Note] InnoDB: Shutdown completed; log sequence number 1889227
2016-04-17 20:45:25 7492 [Note] d:\ivan\school\it\server\mysql\bin\mysqld.exe: Shutdown complete

2016-04-17 20:45:26 26f4 InnoDB: Warning: Using innodb_additional_mem_pool_size is DEPRECATED. This option may be removed in future releases, together with the option innodb_use_sys_malloc and with the InnoDB's internal memory allocator.
2016-04-17 20:45:26 9972 [Note] InnoDB: Using mutexes to ref count buffer pool pages
2016-04-17 20:45:26 9972 [Note] InnoDB: The InnoDB memory heap is disabled
2016-04-17 20:45:26 9972 [Note] InnoDB: Mutexes and rw_locks use Windows interlocked functions
2016-04-17 20:45:26 9972 [Note] InnoDB: Memory barrier is not used
2016-04-17 20:45:26 9972 [Note] InnoDB: Compressed tables use zlib 1.2.3
2016-04-17 20:45:26 9972 [Note] InnoDB: Not using CPU crc32 instructions
2016-04-17 20:45:26 9972 [Note] InnoDB: Initializing buffer pool, size = 16.0M
2016-04-17 20:45:26 9972 [Note] InnoDB: Completed initialization of buffer pool
2016-04-17 20:45:26 9972 [Note] InnoDB: Highest supported file format is Barracuda.
2016-04-17 20:45:26 9972 [Note] InnoDB: 128 rollback segment(s) are active.
2016-04-17 20:45:26 9972 [Note] InnoDB: Waiting for purge to start
2016-04-17 20:45:26 9972 [Note] InnoDB:  Percona XtraDB (http://www.percona.com) 5.6.26-74.0 started; log sequence number 1889227
2016-04-17 20:45:26 2496 [Note] InnoDB: Dumping buffer pool(s) not yet started
2016-04-17 20:45:26 9972 [Note] Plugin 'FEEDBACK' is disabled.
2016-04-17 20:45:26 9972 [Note] Server socket created on IP: '::'.
2016-04-17 20:45:26 9972 [Note] d:\ivan\school\it\server\mysql\bin\mysqld.exe: ready for connections.
Version: '10.1.9-MariaDB'  socket: ''  port: 3306  mariadb.org binary distribution
